<?xml version="1.0" encoding="UTF-8"?>
<!-- Generated by org.testng.reporters.JUnitReportReporter -->
<testsuite hostname="MSI" failures="0" tests="3" name="InheritanceBet_Groups_DependsOnMethods.InheritedDependentTestMethodsInTestNG" time="0.007" errors="0" timestamp="2022-09-01T00:32:32 IST" skipped="0">
  <testcase classname="InheritanceBet_Groups_DependsOnMethods.InheritedDependentTestMethodsInTestNG" name="OpenBrowser" time="0.001"/>
  <system-out/>
  <testcase classname="InheritanceBet_Groups_DependsOnMethods.InheritedDependentTestMethodsInTestNG" name="LogIn" time="0.006"/>
  <system-out/>
  <testcase classname="InheritanceBet_Groups_DependsOnMethods.InheritedDependentTestMethodsInTestNG" name="ViewAcc" time="0.000"/>
  <system-out/>
</testsuite> <!-- InheritanceBet_Groups_DependsOnMethods.InheritedDependentTestMethodsInTestNG -->
