<?xml version="1.0" encoding="UTF-8"?>
<!-- Generated by org.testng.reporters.JUnitReportReporter -->
<testsuite hostname="MSI" failures="0" tests="4" name="testNGPract.TestngGroupsDependentTestInXMLSuite" time="0.007" errors="0" timestamp="2022-09-02T04:15:09 IST" skipped="0">
  <testcase classname="testNGPract.TestngGroupsDependentTestInXMLSuite" name="ViewAcc" time="0.001"/>
  <system-out/>
  <testcase classname="testNGPract.TestngGroupsDependentTestInXMLSuite" name="CloseAccount" time="0.000"/>
  <system-out/>
  <testcase classname="testNGPract.TestngGroupsDependentTestInXMLSuite" name="OpenBrowser" time="0.005"/>
  <system-out/>
  <testcase classname="testNGPract.TestngGroupsDependentTestInXMLSuite" name="LogIn" time="0.001"/>
  <system-out/>
</testsuite> <!-- testNGPract.TestngGroupsDependentTestInXMLSuite -->
