<?xml version="1.0" encoding="UTF-8"?>
<!-- Generated by org.testng.reporters.JUnitReportReporter -->
<testsuite hostname="MSI" failures="0" tests="2" name="testNGPract.ParametersAtSuitLevel" time="0.005" errors="0" timestamp="2022-09-02T04:15:17 IST" skipped="0">
  <testcase classname="testNGPract.ParametersAtSuitLevel" name="Sum" time="0.000"/>
  <system-out/>
  <testcase classname="testNGPract.ParametersAtSuitLevel" name="Diff" time="0.005"/>
  <system-out/>
</testsuite> <!-- testNGPract.ParametersAtSuitLevel -->
