<?xml version="1.0" encoding="UTF-8"?>
<!-- Generated by org.testng.reporters.JUnitReportReporter -->
<testsuite hostname="MSI" failures="0" tests="10" name="Factories.WebTest" time="0.013" errors="0" timestamp="2022-08-31T20:29:12 IST" skipped="0">
  <testcase classname="Factories.WebTest" name="testServer" time="0.007"/>
  <system-out/>
  <testcase classname="Factories.WebTest" name="testServer" time="0.000"/>
  <system-out/>
  <testcase classname="Factories.WebTest" name="testServer" time="0.000"/>
  <system-out/>
  <testcase classname="Factories.WebTest" name="testServer" time="0.001"/>
  <system-out/>
  <testcase classname="Factories.WebTest" name="testServer" time="0.001"/>
  <system-out/>
  <testcase classname="Factories.WebTest" name="testServer" time="0.001"/>
  <system-out/>
  <testcase classname="Factories.WebTest" name="testServer" time="0.001"/>
  <system-out/>
  <testcase classname="Factories.WebTest" name="testServer" time="0.001"/>
  <system-out/>
  <testcase classname="Factories.WebTest" name="testServer" time="0.001"/>
  <system-out/>
  <testcase classname="Factories.WebTest" name="testServer" time="0.000"/>
  <system-out/>
</testsuite> <!-- Factories.WebTest -->
