<?xml version="1.0" encoding="UTF-8"?>
<!-- Generated by org.testng.reporters.JUnitReportReporter -->
<testsuite hostname="MSI" failures="0" tests="2" name="testNGPract.TestNgRegularExp_SuperGroups" time="0.005" errors="0" timestamp="2022-09-02T04:15:25 IST" skipped="0">
  <testcase classname="testNGPract.TestNgRegularExp_SuperGroups" name="click_element" time="0.000"/>
  <system-out/>
  <testcase classname="testNGPract.TestNgRegularExp_SuperGroups" name="checkTitle" time="0.005"/>
  <system-out/>
</testsuite> <!-- testNGPract.TestNgRegularExp_SuperGroups -->
